<?xml version="1.0" encoding="utf-8"?><testsuites name="pytest tests"><testsuite name="pytest" errors="0" failures="0" skipped="0" tests="15" time="1.800" timestamp="2026-05-05T17:40:43.745075+00:00" hostname="agent-env-6f33189a-fd72-4bf9-a9e7-1965bdac1597"><testcase classname="backend.tests.test_new_features" name="test_login_or_register_seed_user" time="0.563" /><testcase classname="backend.tests.test_new_features" name="test_nudge_returns_valid_shape" time="0.082" /><testcase classname="backend.tests.test_new_features" name="test_nudge_requires_auth" time="0.074" /><testcase classname="backend.tests.test_new_features" name="test_calendar_url_returns_token" time="0.077" /><testcase classname="backend.tests.test_new_features" name="test_calendar_url_requires_auth" time="0.070" /><testcase classname="backend.tests.test_new_features" name="test_calendar_ics_invalid_token_401" time="0.068" /><testcase classname="backend.tests.test_new_features" name="test_calendar_ics_valid_token_returns_vcalendar" time="0.073" /><testcase classname="backend.tests.test_new_features" name="test_upgrade_pro_annual" time="0.146" /><testcase classname="backend.tests.test_new_features" name="test_upgrade_coach_monthly" time="0.068" /><testcase classname="backend.tests.test_new_features" name="test_upgrade_invalid_billing_400" time="0.072" /><testcase classname="backend.tests.test_new_features" name="test_upgrade_invalid_plan_400" time="0.070" /><testcase classname="backend.tests.test_new_features" name="test_me_endpoint" time="0.072" /><testcase classname="backend.tests.test_new_features" name="test_dashboard_stats" time="0.081" /><testcase classname="backend.tests.test_new_features" name="test_tasks_today" time="0.080" /><testcase classname="backend.tests.test_new_features" name="test_reset_to_free" time="0.071" /></testsuite></testsuites>