<?xml version="1.0" encoding="utf-8"?><testsuites name="pytest tests"><testsuite name="pytest" errors="0" failures="2" skipped="0" tests="30" time="268.840" timestamp="2026-05-05T18:03:04.978015+00:00" hostname="agent-env-6f33189a-fd72-4bf9-a9e7-1965bdac1597"><testcase classname="backend.tests.test_plan_caps_push" name="test_login_or_register_seed_user" time="0.939" /><testcase classname="backend.tests.test_plan_caps_push" name="test_cleanup_initial_state" time="0.371" /><testcase classname="backend.tests.test_plan_caps_push.TestFreePlanCap" name="test_free_first_goal_succeeds" time="23.091" /><testcase classname="backend.tests.test_plan_caps_push.TestFreePlanCap" name="test_free_second_goal_returns_402" time="0.078" /><testcase classname="backend.tests.test_plan_caps_push.TestFreePlanCap" name="test_free_cleanup" time="0.154" /><testcase classname="backend.tests.test_plan_caps_push.TestProPlanCap" name="test_pro_creates_5_goals" time="79.938"><failure message="AssertionError: pro goal #2 failed: The preview environment is not responding. It may be starting up.&#10;  &#10;assert 502 == 200&#10; +  where 502 = &lt;Response [502]&gt;.status_code">backend/tests/test_plan_caps_push.py:113: in test_pro_creates_5_goals
    assert r.status_code == 200, f"pro goal #{i+1} failed: {r.text}"
E   AssertionError: pro goal #2 failed: The preview environment is not responding. It may be starting up.
E     
E   assert 502 == 200
E    +  where 502 = &lt;Response [502]&gt;.status_code</failure></testcase><testcase classname="backend.tests.test_plan_caps_push.TestProPlanCap" name="test_pro_sixth_goal_returns_402" time="0.014"><failure message="requests.exceptions.ConnectionError: ('Connection aborted.', RemoteDisconnected('Remote end closed connection without response'))">/root/.venv/lib/python3.11/site-packages/urllib3/connectionpool.py:787: in urlopen
    response = self._make_request(
/root/.venv/lib/python3.11/site-packages/urllib3/connectionpool.py:534: in _make_request
    response = conn.getresponse()
               ^^^^^^^^^^^^^^^^^^
/root/.venv/lib/python3.11/site-packages/urllib3/connection.py:571: in getresponse
    httplib_response = super().getresponse()
                       ^^^^^^^^^^^^^^^^^^^^^
/usr/local/lib/python3.11/http/client.py:1415: in getresponse
    response.begin()
/usr/local/lib/python3.11/http/client.py:330: in begin
    version, status, reason = self._read_status()
                              ^^^^^^^^^^^^^^^^^^^
/usr/local/lib/python3.11/http/client.py:299: in _read_status
    raise RemoteDisconnected("Remote end closed connection without"
E   http.client.RemoteDisconnected: Remote end closed connection without response

During handling of the above exception, another exception occurred:
/root/.venv/lib/python3.11/site-packages/requests/adapters.py:645: in send
    resp = conn.urlopen(
/root/.venv/lib/python3.11/site-packages/urllib3/connectionpool.py:841: in urlopen
    retries = retries.increment(
/root/.venv/lib/python3.11/site-packages/urllib3/util/retry.py:490: in increment
    raise reraise(type(error), error, _stacktrace)
          ^^^^^^^^^^^^^^^^^^^^^^^^^^^^^^^^^^^^^^^^
/root/.venv/lib/python3.11/site-packages/urllib3/util/util.py:38: in reraise
    raise value.with_traceback(tb)
/root/.venv/lib/python3.11/site-packages/urllib3/connectionpool.py:787: in urlopen
    response = self._make_request(
/root/.venv/lib/python3.11/site-packages/urllib3/connectionpool.py:534: in _make_request
    response = conn.getresponse()
               ^^^^^^^^^^^^^^^^^^
/root/.venv/lib/python3.11/site-packages/urllib3/connection.py:571: in getresponse
    httplib_response = super().getresponse()
                       ^^^^^^^^^^^^^^^^^^^^^
/usr/local/lib/python3.11/http/client.py:1415: in getresponse
    response.begin()
/usr/local/lib/python3.11/http/client.py:330: in begin
    version, status, reason = self._read_status()
                              ^^^^^^^^^^^^^^^^^^^
/usr/local/lib/python3.11/http/client.py:299: in _read_status
    raise RemoteDisconnected("Remote end closed connection without"
E   urllib3.exceptions.ProtocolError: ('Connection aborted.', RemoteDisconnected('Remote end closed connection without response'))

During handling of the above exception, another exception occurred:
backend/tests/test_plan_caps_push.py:116: in test_pro_sixth_goal_returns_402
    r = s.post(f"{API}/goals", json=_make_goal_payload("pro6"), headers=_auth_headers())
        ^^^^^^^^^^^^^^^^^^^^^^^^^^^^^^^^^^^^^^^^^^^^^^^^^^^^^^^^^^^^^^^^^^^^^^^^^^^^^^^^
/root/.venv/lib/python3.11/site-packages/requests/sessions.py:640: in post
    return self.request("POST", url, data=data, json=json, **kwargs)
           ^^^^^^^^^^^^^^^^^^^^^^^^^^^^^^^^^^^^^^^^^^^^^^^^^^^^^^^^^
/root/.venv/lib/python3.11/site-packages/requests/sessions.py:592: in request
    resp = self.send(prep, **send_kwargs)
           ^^^^^^^^^^^^^^^^^^^^^^^^^^^^^^
/root/.venv/lib/python3.11/site-packages/requests/sessions.py:706: in send
    r = adapter.send(request, **kwargs)
        ^^^^^^^^^^^^^^^^^^^^^^^^^^^^^^^
/root/.venv/lib/python3.11/site-packages/requests/adapters.py:660: in send
    raise ConnectionError(err, request=request)
E   requests.exceptions.ConnectionError: ('Connection aborted.', RemoteDisconnected('Remote end closed connection without response'))</failure></testcase><testcase classname="backend.tests.test_plan_caps_push.TestProPlanCap" name="test_pro_cleanup" time="21.832" /><testcase classname="backend.tests.test_plan_caps_push.TestCoachPlanUnlimited" name="test_coach_creates_more_than_5_goals" time="133.492" /><testcase classname="backend.tests.test_plan_caps_push.TestCoachPlanUnlimited" name="test_coach_cleanup" time="0.578" /><testcase classname="backend.tests.test_plan_caps_push.TestPushTokens" name="test_post_token_no_auth_returns_401" time="0.254" /><testcase classname="backend.tests.test_plan_caps_push.TestPushTokens" name="test_post_token_empty_returns_400" time="0.077" /><testcase classname="backend.tests.test_plan_caps_push.TestPushTokens" name="test_post_token_persists_and_upserts" time="0.137" /><testcase classname="backend.tests.test_plan_caps_push.TestPushTokens" name="test_post_token_default_platform" time="0.076" /><testcase classname="backend.tests.test_plan_caps_push.TestPushTokens" name="test_delete_token_removes_row" time="0.089" /><testcase classname="backend.tests.test_plan_caps_push.TestPushTokens" name="test_delete_token_no_auth_returns_401" time="0.224" /><testcase classname="backend.tests.test_plan_caps_push.TestPushTokens" name="test_cleanup_push_token_b" time="0.085" /><testcase classname="backend.tests.test_plan_caps_push.TestRegression" name="test_auth_me" time="0.072" /><testcase classname="backend.tests.test_plan_caps_push.TestRegression" name="test_goals_listing" time="0.070" /><testcase classname="backend.tests.test_plan_caps_push.TestRegression" name="test_tasks_today" time="0.069" /><testcase classname="backend.tests.test_plan_caps_push.TestRegression" name="test_nudge" time="0.066" /><testcase classname="backend.tests.test_plan_caps_push.TestRegression" name="test_calendar_url" time="0.077" /><testcase classname="backend.tests.test_plan_caps_push.TestRegression" name="test_calendar_ics_export" time="0.066" /><testcase classname="backend.tests.test_plan_caps_push.TestRegression" name="test_review_weekly" time="5.184" /><testcase classname="backend.tests.test_plan_caps_push.TestRegression" name="test_dashboard_stats" time="0.075" /><testcase classname="backend.tests.test_plan_caps_push.TestRegression" name="test_subscription_upgrade_legacy" time="0.144" /><testcase classname="backend.tests.test_plan_caps_push.TestRegression" name="test_stripe_checkout_session_creation" time="0.640" /><testcase classname="backend.tests.test_plan_caps_push.TestRegression" name="test_stripe_checkout_status_fallback_200" time="0.337" /><testcase classname="backend.tests.test_plan_caps_push.TestRegression" name="test_stripe_webhook_endpoint_exists" time="0.142" /><testcase classname="backend.tests.test_plan_caps_push" name="test_final_reset_to_free" time="0.134" /></testsuite></testsuites>