<?xml version="1.0" encoding="utf-8"?><testsuites name="pytest tests"><testsuite name="pytest" errors="0" failures="0" skipped="0" tests="19" time="32.756" timestamp="2026-05-02T19:54:53.645377+00:00" hostname="agent-env-6f33189a-fd72-4bf9-a9e7-1965bdac1597"><testcase classname="tests.test_goalpilot_api" name="test_root" time="0.211" /><testcase classname="tests.test_goalpilot_api" name="test_register" time="0.275" /><testcase classname="tests.test_goalpilot_api" name="test_register_duplicate" time="0.054" /><testcase classname="tests.test_goalpilot_api" name="test_login" time="0.275" /><testcase classname="tests.test_goalpilot_api" name="test_login_wrong_pw" time="0.281" /><testcase classname="tests.test_goalpilot_api" name="test_me" time="0.054" /><testcase classname="tests.test_goalpilot_api" name="test_me_no_auth" time="0.058" /><testcase classname="tests.test_goalpilot_api" name="test_create_goal" time="26.810" /><testcase classname="tests.test_goalpilot_api" name="test_list_goals" time="0.071" /><testcase classname="tests.test_goalpilot_api" name="test_get_goal" time="0.049" /><testcase classname="tests.test_goalpilot_api" name="test_free_plan_second_goal_blocked" time="0.048" /><testcase classname="tests.test_goalpilot_api" name="test_tasks_today" time="0.052" /><testcase classname="tests.test_goalpilot_api" name="test_tasks_missed" time="0.050" /><testcase classname="tests.test_goalpilot_api" name="test_toggle_task" time="0.096" /><testcase classname="tests.test_goalpilot_api" name="test_dashboard_stats" time="0.056" /><testcase classname="tests.test_goalpilot_api" name="test_weekly_review" time="3.980" /><testcase classname="tests.test_goalpilot_api" name="test_upgrade_pro" time="0.100" /><testcase classname="tests.test_goalpilot_api" name="test_upgrade_invalid_plan" time="0.050" /><testcase classname="tests.test_goalpilot_api" name="test_delete_goal" time="0.105" /></testsuite></testsuites>