<?xml version="1.0" encoding="utf-8"?><testsuites name="pytest tests"><testsuite name="pytest" errors="0" failures="0" skipped="0" tests="23" time="39.917" timestamp="2026-07-20T22:18:38.809073+00:00" hostname="agent-env-6f33189a-fd72-4bf9-a9e7-1965bdac1597"><testcase classname="tests.test_deploy_readiness.TestHealth" name="test_root" time="0.132" /><testcase classname="tests.test_deploy_readiness.TestAuth" name="test_login_and_me" time="0.321" /><testcase classname="tests.test_deploy_readiness.TestAuth" name="test_register_duplicate_rejected" time="0.046" /><testcase classname="tests.test_deploy_readiness.TestAuth" name="test_login_bad_password" time="0.266" /><testcase classname="tests.test_deploy_readiness.TestAuth" name="test_delete_account_cascade_and_anonymize" time="1.160" /><testcase classname="tests.test_deploy_readiness.TestAIPlan" name="test_create_goal_generates_plan" time="31.551" /><testcase classname="tests.test_deploy_readiness.TestAIPlan" name="test_cleanup_goal" time="0.095" /><testcase classname="tests.test_deploy_readiness.TestStripe" name="test_checkout_session_live" time="0.361" /><testcase classname="tests.test_deploy_readiness.TestStripe" name="test_checkout_session_invalid_package" time="0.048" /><testcase classname="tests.test_deploy_readiness.TestStripe" name="test_webhook_bad_signature" time="0.150" /><testcase classname="tests.test_deploy_readiness.TestStripe" name="test_checkout_status_unknown" time="0.045" /><testcase classname="tests.test_deploy_readiness.TestSubscriptionCancel" name="test_cancel_flow" time="0.342" /><testcase classname="tests.test_deploy_readiness.TestLegal" name="test_legal_pages[privacy]" time="0.180" /><testcase classname="tests.test_deploy_readiness.TestLegal" name="test_legal_pages[terms]" time="0.101" /><testcase classname="tests.test_deploy_readiness.TestLegal" name="test_legal_pages[refund]" time="0.105" /><testcase classname="tests.test_deploy_readiness.TestLegal" name="test_legal_unknown_404" time="0.107" /><testcase classname="tests.test_deploy_readiness.TestDashboard" name="test_dashboard_stats" time="0.048" /><testcase classname="tests.test_deploy_readiness.TestWeeklyReview" name="test_weekly" time="4.323" /><testcase classname="tests.test_deploy_readiness.TestTasks" name="test_tasks_list" time="0.045" /><testcase classname="tests.test_deploy_readiness.TestTasks" name="test_tasks_missed" time="0.050" /><testcase classname="tests.test_deploy_readiness.TestNotifications" name="test_prefs_get_and_patch" time="0.130" /><testcase classname="tests.test_deploy_readiness.TestCalendar" name="test_calendar_url_and_export" time="0.205" /><testcase classname="tests.test_deploy_readiness.TestScheduler" name="test_scheduler_started_in_logs" time="0.005" /></testsuite></testsuites>