<?xml version="1.0" encoding="utf-8"?><testsuites name="pytest tests"><testsuite name="pytest" errors="0" failures="0" skipped="0" tests="23" time="10.732" timestamp="2026-05-05T17:57:17.292914+00:00" hostname="agent-env-6f33189a-fd72-4bf9-a9e7-1965bdac1597"><testcase classname="backend.tests.test_stripe_checkout" name="test_login_or_register_seed_user" time="0.591" /><testcase classname="backend.tests.test_stripe_checkout" name="test_checkout_session_requires_auth" time="0.056" /><testcase classname="backend.tests.test_stripe_checkout" name="test_checkout_session_invalid_package_400" time="0.053" /><testcase classname="backend.tests.test_stripe_checkout" name="test_checkout_session_valid_package_creates_session[pro_monthly]" time="0.581" /><testcase classname="backend.tests.test_stripe_checkout" name="test_checkout_session_valid_package_creates_session[pro_annual]" time="0.492" /><testcase classname="backend.tests.test_stripe_checkout" name="test_checkout_session_valid_package_creates_session[coach_monthly]" time="0.446" /><testcase classname="backend.tests.test_stripe_checkout" name="test_checkout_session_valid_package_creates_session[coach_annual]" time="0.420" /><testcase classname="backend.tests.test_stripe_checkout" name="test_payment_transactions_persisted_in_mongo" time="0.009" /><testcase classname="backend.tests.test_stripe_checkout" name="test_checkout_session_ignores_client_amount_override" time="0.639" /><testcase classname="backend.tests.test_stripe_checkout" name="test_checkout_status_requires_auth" time="0.062" /><testcase classname="backend.tests.test_stripe_checkout" name="test_checkout_status_invalid_session_404" time="0.050" /><testcase classname="backend.tests.test_stripe_checkout" name="test_checkout_status_for_real_session_returns_pending_or_open" time="0.215" /><testcase classname="backend.tests.test_stripe_checkout" name="test_checkout_status_idempotent_when_already_paid" time="0.059" /><testcase classname="backend.tests.test_stripe_checkout" name="test_regression_auth_me" time="0.051" /><testcase classname="backend.tests.test_stripe_checkout" name="test_regression_goals_list" time="0.055" /><testcase classname="backend.tests.test_stripe_checkout" name="test_regression_tasks_today" time="0.065" /><testcase classname="backend.tests.test_stripe_checkout" name="test_regression_nudge" time="0.058" /><testcase classname="backend.tests.test_stripe_checkout" name="test_regression_calendar_url" time="0.056" /><testcase classname="backend.tests.test_stripe_checkout" name="test_regression_calendar_ics" time="0.051" /><testcase classname="backend.tests.test_stripe_checkout" name="test_regression_review_weekly" time="6.386" /><testcase classname="backend.tests.test_stripe_checkout" name="test_regression_subscription_upgrade_legacy" time="0.065" /><testcase classname="backend.tests.test_stripe_checkout" name="test_regression_dashboard_stats" time="0.064" /><testcase classname="backend.tests.test_stripe_checkout" name="test_cleanup_reset_to_free" time="0.052" /></testsuite></testsuites>