<?xml version="1.0" encoding="utf-8"?><testsuites name="pytest tests"><testsuite name="pytest" errors="0" failures="1" skipped="0" tests="22" time="9.382" timestamp="2026-05-05T17:53:28.125240+00:00" hostname="agent-env-6f33189a-fd72-4bf9-a9e7-1965bdac1597"><testcase classname="backend.tests.test_stripe_checkout" name="test_login_or_register_seed_user" time="0.466" /><testcase classname="backend.tests.test_stripe_checkout" name="test_checkout_session_requires_auth" time="0.056" /><testcase classname="backend.tests.test_stripe_checkout" name="test_checkout_session_invalid_package_400" time="0.051" /><testcase classname="backend.tests.test_stripe_checkout" name="test_checkout_session_valid_package_creates_session[pro_monthly]" time="0.542" /><testcase classname="backend.tests.test_stripe_checkout" name="test_checkout_session_valid_package_creates_session[pro_annual]" time="0.442" /><testcase classname="backend.tests.test_stripe_checkout" name="test_checkout_session_valid_package_creates_session[coach_monthly]" time="0.395" /><testcase classname="backend.tests.test_stripe_checkout" name="test_checkout_session_valid_package_creates_session[coach_annual]" time="0.446" /><testcase classname="backend.tests.test_stripe_checkout" name="test_payment_transactions_persisted_in_mongo" time="0.008" /><testcase classname="backend.tests.test_stripe_checkout" name="test_checkout_session_ignores_client_amount_override" time="0.442" /><testcase classname="backend.tests.test_stripe_checkout" name="test_checkout_status_requires_auth" time="0.056" /><testcase classname="backend.tests.test_stripe_checkout" name="test_checkout_status_invalid_session_404" time="0.071" /><testcase classname="backend.tests.test_stripe_checkout" name="test_checkout_status_for_real_session_returns_pending_or_open" time="0.210"><failure message="AssertionError: Internal Server Error&#10;assert 500 == 200&#10; +  where 500 = &lt;Response [500]&gt;.status_code">backend/tests/test_stripe_checkout.py:177: in test_checkout_status_for_real_session_returns_pending_or_open
    assert r.status_code == 200, r.text
E   AssertionError: Internal Server Error
E   assert 500 == 200
E    +  where 500 = &lt;Response [500]&gt;.status_code</failure></testcase><testcase classname="backend.tests.test_stripe_checkout" name="test_regression_auth_me" time="0.064" /><testcase classname="backend.tests.test_stripe_checkout" name="test_regression_goals_list" time="0.059" /><testcase classname="backend.tests.test_stripe_checkout" name="test_regression_tasks_today" time="0.063" /><testcase classname="backend.tests.test_stripe_checkout" name="test_regression_nudge" time="0.057" /><testcase classname="backend.tests.test_stripe_checkout" name="test_regression_calendar_url" time="0.287" /><testcase classname="backend.tests.test_stripe_checkout" name="test_regression_calendar_ics" time="0.057" /><testcase classname="backend.tests.test_stripe_checkout" name="test_regression_review_weekly" time="5.256" /><testcase classname="backend.tests.test_stripe_checkout" name="test_regression_subscription_upgrade_legacy" time="0.065" /><testcase classname="backend.tests.test_stripe_checkout" name="test_regression_dashboard_stats" time="0.068" /><testcase classname="backend.tests.test_stripe_checkout" name="test_cleanup_reset_to_free" time="0.050" /></testsuite></testsuites>